Using pre-set license
Built from '2020.3/staging' branch; Version is '2020.3.16f1 (049d6eca3c44) revision 302446'; Using compiler version '192528614'; Build Type 'Release'
OS: 'Windows 10 Home; OS build 19042.1165; Version 2009; 64bit' Language: 'en' Physical Memory: 7528 MB
BatchMode: 1, IsHumanControllingUs: 0, StartBugReporterOnCrash: 0, Is64bit: 1, IsPro: 0

 COMMAND LINE ARGUMENTS:
C:\Program Files\Unity\Hub\Editor\2020.3.16f1\Editor\Unity.exe
-adb2
-batchMode
-noUpm
-name
AssetImportWorker0
-projectPath
C:/Users/Destiny/Desktop/G400/Game-Jam-Jamboree
-logFile
Logs/AssetImportWorker0.log
-srvPort
62723
Successfully changed project path to: C:/Users/Destiny/Desktop/G400/Game-Jam-Jamboree
C:/Users/Destiny/Desktop/G400/Game-Jam-Jamboree
Using Asset Import Pipeline V2.
Refreshing native plugins compatible for Editor in 69.04 ms, found 2 plugins.
Preloading 0 native plugins for Editor in 0.00 ms.
Initialize engine version: 2020.3.16f1 (049d6eca3c44)
[Subsystems] Discovering subsystems at path C:/Program Files/Unity/Hub/Editor/2020.3.16f1/Editor/Data/Resources/UnitySubsystems
[Subsystems] Discovering subsystems at path C:/Users/Destiny/Desktop/G400/Game-Jam-Jamboree/Assets
GfxDevice: creating device client; threaded=0
Direct3D:
    Version:  Direct3D 11.0 [level 11.1]
    Renderer: AMD Radeon(TM) Graphics (ID=0x164c)
    Vendor:   
    VRAM:     3764 MB
    Driver:   27.20.14032.8
Initialize mono
Mono path[0] = 'C:/Program Files/Unity/Hub/Editor/2020.3.16f1/Editor/Data/Managed'
Mono path[1] = 'C:/Program Files/Unity/Hub/Editor/2020.3.16f1/Editor/Data/MonoBleedingEdge/lib/mono/unityjit'
Mono config path = 'C:/Program Files/Unity/Hub/Editor/2020.3.16f1/Editor/Data/MonoBleedingEdge/etc'
Using monoOptions --debugger-agent=transport=dt_socket,embedding=1,server=y,suspend=n,address=127.0.0.1:56036
Begin MonoManager ReloadAssembly
Registering precompiled unity dll's ...
Register platform support module: C:/Program Files/Unity/Hub/Editor/2020.3.16f1/Editor/Data/PlaybackEngines/WindowsStandaloneSupport/UnityEditor.WindowsStandalone.Extensions.dll
Registered in 0.003164 seconds.
Native extension for WindowsStandalone target not found
Refreshing native plugins compatible for Editor in 64.73 ms, found 2 plugins.
Preloading 0 native plugins for Editor in 0.00 ms.
Mono: successfully reloaded assembly
- Completed reload, in  1.802 seconds
Domain Reload Profiling:
	ReloadAssembly (1803ms)
		BeginReloadAssembly (62ms)
			ExecutionOrderSort (0ms)
			DisableScriptedObjects (0ms)
			BackupInstance (0ms)
			ReleaseScriptingObjects (0ms)
			CreateAndSetChildDomain (2ms)
		EndReloadAssembly (446ms)
			LoadAssemblies (58ms)
			RebuildTransferFunctionScriptingTraits (1ms)
			SetupTypeCache (149ms)
			ReleaseScriptCaches (0ms)
			RebuildScriptCaches (32ms)
			SetupLoadedEditorAssemblies (191ms)
				LogAssemblyErrors (0ms)
				InitializePlatformSupportModulesInManaged (4ms)
				SetLoadedEditorAssemblies (0ms)
				RefreshPlugins (65ms)
				BeforeProcessingInitializeOnLoad (9ms)
				ProcessInitializeOnLoadAttributes (81ms)
				ProcessInitializeOnLoadMethodAttributes (29ms)
				AfterProcessingInitializeOnLoad (0ms)
				EditorAssembliesLoaded (2ms)
			ExecutionOrderSort2 (0ms)
			AwakeInstancesAfterBackupRestoration (0ms)
Platform modules already initialized, skipping
Registering precompiled user dll's ...
Registered in 0.015404 seconds.
Begin MonoManager ReloadAssembly
Native extension for WindowsStandalone target not found
Refreshing native plugins compatible for Editor in 57.61 ms, found 2 plugins.
Preloading 0 native plugins for Editor in 0.00 ms.
Mono: successfully reloaded assembly
- Completed reload, in  1.307 seconds
Domain Reload Profiling:
	ReloadAssembly (1308ms)
		BeginReloadAssembly (141ms)
			ExecutionOrderSort (0ms)
			DisableScriptedObjects (4ms)
			BackupInstance (0ms)
			ReleaseScriptingObjects (0ms)
			CreateAndSetChildDomain (20ms)
		EndReloadAssembly (1106ms)
			LoadAssemblies (123ms)
			RebuildTransferFunctionScriptingTraits (0ms)
			SetupTypeCache (288ms)
			ReleaseScriptCaches (1ms)
			RebuildScriptCaches (50ms)
			SetupLoadedEditorAssemblies (525ms)
				LogAssemblyErrors (0ms)
				InitializePlatformSupportModulesInManaged (4ms)
				SetLoadedEditorAssemblies (0ms)
				RefreshPlugins (58ms)
				BeforeProcessingInitializeOnLoad (75ms)
				ProcessInitializeOnLoadAttributes (349ms)
				ProcessInitializeOnLoadMethodAttributes (34ms)
				AfterProcessingInitializeOnLoad (6ms)
				EditorAssembliesLoaded (0ms)
			ExecutionOrderSort2 (0ms)
			AwakeInstancesAfterBackupRestoration (8ms)
Platform modules already initialized, skipping
========================================================================
Worker process is ready to serve import requests
Launched and connected shader compiler UnityShaderCompiler.exe after 0.07 seconds
Refreshing native plugins compatible for Editor in 0.82 ms, found 2 plugins.
Preloading 0 native plugins for Editor in 0.00 ms.
Unloading 2614 Unused Serialized files (Serialized files now loaded: 0)
System memory in use before: 108.5 MB.
System memory in use after: 108.7 MB.

Unloading 60 unused Assets to reduce memory usage. Loaded Objects now: 3024.
Total: 8.664700 ms (FindLiveObjects: 0.388700 ms CreateObjectMapping: 0.131400 ms MarkObjects: 7.784300 ms  DeleteObjects: 0.358000 ms)

AssetImportParameters requested are different than current active one (requested -> active):
  custom:framework-win-MediaFoundation: 216162199b28c13a410421893ffa2e32 -> 
  custom:video-decoder-ogg-theora: a1e56fd34408186e4bbccfd4996cb3dc -> 
  custom:container-muxer-webm: aa71ff27fc2769a1b78a27578f13a17b -> 
  custom:container-demuxer-webm: 4f35f7cbe854078d1ac9338744f61a02 -> 
  custom:container-demuxer-ogg: 62fdf1f143b41e24485cea50d1cbac27 -> 
  custom:video-encoder-webm-vp8: eb34c28f22e8b96e1ab97ce403110664 -> 
  custom:video-codec-MediaFoundation-h265: 746d11721c4dcdbdad8f713fa42b33f4 -> 
  custom:video-decoder-webm-vp8: 9c59270c3fd7afecdb556c50c9e8de78 -> 
  custom:audio-decoder-ogg-vorbis: bf7c407c2cedff20999df2af8eb42d56 -> 
  custom:audio-encoder-webm-vorbis: bf7c407c2cedff20999df2af8eb42d56 -> 
========================================================================
Received Import Request.
  path: Assets/materials/walls.mat
  artifactKey: Guid(a9c31c402322e4840a42e3ab9981ece8) Importer(815301076,1909f56bfc062723c751e8b465ee728b)
Start importing Assets/materials/walls.mat using Guid(a9c31c402322e4840a42e3ab9981ece8) Importer(815301076,1909f56bfc062723c751e8b465ee728b)  -> (artifact id: 'c15a68727868babf3deda7e3ec4c824a') in 0.211958 seconds 
  Import took 0.216073 seconds .

========================================================================
Received Import Request.
  Time since last request: 0.000229 seconds.
  path: Assets/materials/ball.mat
  artifactKey: Guid(fefeb20541a293f4f9a0cddd222dded8) Importer(815301076,1909f56bfc062723c751e8b465ee728b)
Start importing Assets/materials/ball.mat using Guid(fefeb20541a293f4f9a0cddd222dded8) Importer(815301076,1909f56bfc062723c751e8b465ee728b)  -> (artifact id: 'b66454aec742581a1863cff736a51735') in 0.022528 seconds 
  Import took 0.026794 seconds .

========================================================================
Received Import Request.
  Time since last request: 0.000232 seconds.
  path: Assets/materials/New Material.mat
  artifactKey: Guid(96ad05d6c8167e544b0e4579124273c8) Importer(815301076,1909f56bfc062723c751e8b465ee728b)
Start importing Assets/materials/New Material.mat using Guid(96ad05d6c8167e544b0e4579124273c8) Importer(815301076,1909f56bfc062723c751e8b465ee728b)  -> (artifact id: '6e01b4e52a26e60e87528c084b842069') in 0.017409 seconds 
  Import took 0.021635 seconds .

========================================================================
Received Import Request.
  Time since last request: 0.000191 seconds.
  path: Assets/input/inputactions.inputactions
  artifactKey: Guid(fffa6aee6b0b15540b050e1237d10307) Importer(815301076,1909f56bfc062723c751e8b465ee728b)
Start importing Assets/input/inputactions.inputactions using Guid(fffa6aee6b0b15540b050e1237d10307) Importer(815301076,1909f56bfc062723c751e8b465ee728b)  -> (artifact id: '1df4e27d86cdffeaa2e0ac49b6838c61') in 0.017804 seconds 
  Import took 0.023099 seconds .

========================================================================
Received Import Request.
  Time since last request: 0.000456 seconds.
  path: Assets/materials/ground.mat
  artifactKey: Guid(28288a4d7ad83b74c9c340e2ed7e11c1) Importer(815301076,1909f56bfc062723c751e8b465ee728b)
Start importing Assets/materials/ground.mat using Guid(28288a4d7ad83b74c9c340e2ed7e11c1) Importer(815301076,1909f56bfc062723c751e8b465ee728b)  -> (artifact id: '778f507c384322b4b76831ba86496deb') in 0.016039 seconds 
  Import took 0.020137 seconds .

========================================================================
Received Import Request.
  Time since last request: 0.000260 seconds.
  path: Assets/prefabs/pickup.prefab
  artifactKey: Guid(630c294219d22ae48a7dc4c1c5d0456e) Importer(815301076,1909f56bfc062723c751e8b465ee728b)
Start importing Assets/prefabs/pickup.prefab using Guid(630c294219d22ae48a7dc4c1c5d0456e) Importer(815301076,1909f56bfc062723c751e8b465ee728b)  -> (artifact id: '61868930a3b1b9bd434cc3086649b811') in 0.034749 seconds 
  Import took 0.039085 seconds .

========================================================================
Received Import Request.
  Time since last request: 1690.000303 seconds.
  path: Assets/Scenes
  artifactKey: Guid(228bf470431552f44afd7acaf1d04a2c) Importer(815301076,1909f56bfc062723c751e8b465ee728b)
Start importing Assets/Scenes using Guid(228bf470431552f44afd7acaf1d04a2c) Importer(815301076,1909f56bfc062723c751e8b465ee728b)  -> (artifact id: 'e95c23ed6772c3ab3eb4b557c382f386') in 0.037523 seconds 
  Import took 0.216633 seconds .

AssetImportWorkerClient::OnTransportError - code=2 error=End of file
